I, [2014-06-25T15:56:44.338482 #7640]  INFO -- : Search Ger Form ID: GER-DUNWI-98C3LZRUYW
I, [2014-06-25T15:56:51.917916 #7640]  INFO -- : Therap :: GER
I, [2014-06-25T15:56:51.917916 #7640]  INFO -- : Display download Ger Form ID: GER-DUNWI-98C3LZRUYW
I, [2014-06-25T15:56:52.960976 #7640]  INFO -- : Search Ger Form ID: GER-DUNWI-99E358TMSC
I, [2014-06-25T15:56:58.702304 #7640]  INFO -- : Therap :: GER
I, [2014-06-25T15:56:58.702304 #7640]  INFO -- : Display download Ger Form ID: GER-DUNWI-99E358TMSC
I, [2014-06-25T15:56:59.745364 #7640]  INFO -- : Search Ger Form ID: GER-DUNWI-9AC3BAYPJC
I, [2014-06-25T15:57:05.264679 #7640]  INFO -- : Therap :: GER
I, [2014-06-25T15:57:05.264679 #7640]  INFO -- : Display download Ger Form ID: GER-DUNWI-9AC3BAYPJC
I, [2014-06-25T15:57:06.317740 #7640]  INFO -- : Search Ger Form ID: GER-DUNWI-9BH32ZUH6V
I, [2014-06-25T15:57:12.108071 #7640]  INFO -- : Therap :: GER
I, [2014-06-25T15:57:12.108071 #7640]  INFO -- : Display download Ger Form ID: GER-DUNWI-9BH32ZUH6V
I, [2014-06-25T15:57:13.152130 #7640]  INFO -- : Search Ger Form ID: GER-DUNWI-9BH33CSBBX
I, [2014-06-25T15:57:18.901459 #7640]  INFO -- : Therap :: GER
I, [2014-06-25T15:57:18.901459 #7640]  INFO -- : Display download Ger Form ID: GER-DUNWI-9BH33CSBBX
I, [2014-06-25T15:57:19.911517 #7640]  INFO -- : Search Ger Form ID: GER-DUNWI-9DK3L3HYZ3
I, [2014-06-25T15:57:25.791853 #7640]  INFO -- : Therap :: GER
I, [2014-06-25T15:57:25.791853 #7640]  INFO -- : Display download Ger Form ID: GER-DUNWI-9DK3L3HYZ3
I, [2014-06-25T15:57:26.834913 #7640]  INFO -- : Search Ger Form ID: GER-DUNWI-9E43ASEQUA
I, [2014-06-25T15:57:32.394231 #7640]  INFO -- : Therap :: GER
I, [2014-06-25T15:57:32.394231 #7640]  INFO -- : Display download Ger Form ID: GER-DUNWI-9E43ASEQUA
I, [2014-06-25T15:57:33.419290 #7640]  INFO -- : Search Ger Form ID: GER-DUNWI-A343NWU5RK
I, [2014-06-25T15:57:39.140617 #7640]  INFO -- : Therap :: GER
I, [2014-06-25T15:57:39.140617 #7640]  INFO -- : Display download Ger Form ID: GER-DUNWI-A343NWU5RK
I, [2014-06-25T15:57:40.183677 #7640]  INFO -- : Search Ger Form ID: GER-DUNWI-A4F3TKF25M
I, [2014-06-25T15:57:46.034011 #7640]  INFO -- : Therap :: GER
I, [2014-06-25T15:57:46.034011 #7640]  INFO -- : Display download Ger Form ID: GER-DUNWI-A4F3TKF25M
I, [2014-06-25T15:57:47.058070 #7640]  INFO -- : Search Ger Form ID: GER-DUNWI-A733HWCB4D
I, [2014-06-25T15:57:52.753396 #7640]  INFO -- : Therap :: GER
I, [2014-06-25T15:57:52.753396 #7640]  INFO -- : Display download Ger Form ID: GER-DUNWI-A733HWCB4D
I, [2014-06-25T15:57:53.766453 #7640]  INFO -- : Search Ger Form ID: GER-DUNWI-A993GN2RKJ
I, [2014-06-25T15:57:59.286769 #7640]  INFO -- : Therap :: GER
I, [2014-06-25T15:57:59.286769 #7640]  INFO -- : Display download Ger Form ID: GER-DUNWI-A993GN2RKJ
I, [2014-06-25T15:58:00.391832 #7640]  INFO -- : Search Ger Form ID: GER-DUNWI-AAC3PQFUP4
I, [2014-06-25T15:58:06.070157 #7640]  INFO -- : Therap :: GER
I, [2014-06-25T15:58:06.070157 #7640]  INFO -- : Display download Ger Form ID: GER-DUNWI-AAC3PQFUP4
I, [2014-06-25T15:58:07.123217 #7640]  INFO -- : Search Ger Form ID: GER-DUNWI-AAY3LQMQAC
I, [2014-06-25T15:58:12.941550 #7640]  INFO -- : Therap :: GER
I, [2014-06-25T15:58:12.941550 #7640]  INFO -- : Display download Ger Form ID: GER-DUNWI-AAY3LQMQAC
I, [2014-06-25T15:58:13.985610 #7640]  INFO -- : Search Ger Form ID: GER-DUNWI-ABG22WBFVH
I, [2014-06-25T15:58:19.833944 #7640]  INFO -- : Therap :: GER
I, [2014-06-25T15:58:19.833944 #7640]  INFO -- : Display download Ger Form ID: GER-DUNWI-ABG22WBFVH
I, [2014-06-25T15:58:20.887005 #7640]  INFO -- : Search Ger Form ID: GER-DUNWI-ABP3WB5NKB
I, [2014-06-25T15:58:26.535328 #7640]  INFO -- : Therap :: GER
I, [2014-06-25T15:58:26.535328 #7640]  INFO -- : Display download Ger Form ID: GER-DUNWI-ABP3WB5NKB
I, [2014-06-25T15:58:27.579387 #7640]  INFO -- : Search Ger Form ID: GER-DUNWI-ABQ3NU3LSM
I, [2014-06-25T15:58:33.218710 #7640]  INFO -- : Therap :: GER
I, [2014-06-25T15:58:33.218710 #7640]  INFO -- : Display download Ger Form ID: GER-DUNWI-ABQ3NU3LSM
I, [2014-06-25T15:58:34.261770 #7640]  INFO -- : Search Ger Form ID: GER-DUNWI-ABT4MXFDZA
I, [2014-06-25T15:58:40.081103 #7640]  INFO -- : Therap :: GER
I, [2014-06-25T15:58:40.081103 #7640]  INFO -- : Display download Ger Form ID: GER-DUNWI-ABT4MXFDZA
I, [2014-06-25T15:58:41.125162 #7640]  INFO -- : Search Ger Form ID: GER-DUNWI-AC74KX844Y
I, [2014-06-25T15:58:46.693481 #7640]  INFO -- : Therap :: GER
I, [2014-06-25T15:58:46.693481 #7640]  INFO -- : Display download Ger Form ID: GER-DUNWI-AC74KX844Y
I, [2014-06-25T15:58:47.719539 #7640]  INFO -- : Search Ger Form ID: GER-DUNWI-AC93X3C9MD
I, [2014-06-25T15:58:53.414865 #7640]  INFO -- : Therap :: GER
I, [2014-06-25T15:58:53.414865 #7640]  INFO -- : Display download Ger Form ID: GER-DUNWI-AC93X3C9MD
I, [2014-06-25T15:58:54.467925 #7640]  INFO -- : Search Ger Form ID: GER-DUNWI-AC83ANZKZM
I, [2014-06-25T15:59:00.018243 #7640]  INFO -- : Therap :: GER
I, [2014-06-25T15:59:00.018243 #7640]  INFO -- : Display download Ger Form ID: GER-DUNWI-AC83ANZKZM
I, [2014-06-25T15:59:01.082304 #7640]  INFO -- : Search Ger Form ID: GER-DUNWI-AC94JAZSBK
I, [2014-06-25T15:59:06.680624 #7640]  INFO -- : Therap :: GER
I, [2014-06-25T15:59:06.680624 #7640]  INFO -- : Display download Ger Form ID: GER-DUNWI-AC94JAZSBK
I, [2014-06-25T15:59:07.743685 #7640]  INFO -- : Search Ger Form ID: GER-DUNWI-ACE456MEL3
I, [2014-06-25T15:59:13.229999 #7640]  INFO -- : Therap :: GER
I, [2014-06-25T15:59:13.229999 #7640]  INFO -- : Display download Ger Form ID: GER-DUNWI-ACE456MEL3
I, [2014-06-25T15:59:14.273058 #7640]  INFO -- : Search Ger Form ID: GER-DUNWI-ACG3QYPFKJ
I, [2014-06-25T15:59:19.973384 #7640]  INFO -- : Therap :: GER
I, [2014-06-25T15:59:19.973384 #7640]  INFO -- : Display download Ger Form ID: GER-DUNWI-ACG3QYPFKJ
I, [2014-06-25T15:59:21.026444 #7640]  INFO -- : Search Ger Form ID: GER-DUNWI-ACK22JTEAA
I, [2014-06-25T15:59:26.865778 #7640]  INFO -- : Therap :: GER
I, [2014-06-25T15:59:26.865778 #7640]  INFO -- : Display download Ger Form ID: GER-DUNWI-ACK22JTEAA
I, [2014-06-25T15:59:27.919839 #7640]  INFO -- : Search Ger Form ID: GER-DUNWI-ACQ4FW82WW
I, [2014-06-25T15:59:33.750172 #7640]  INFO -- : Therap :: GER
I, [2014-06-25T15:59:33.750172 #7640]  INFO -- : Display download Ger Form ID: GER-DUNWI-ACQ4FW82WW
I, [2014-06-25T15:59:34.807233 #7640]  INFO -- : Search Ger Form ID: GER-DUNWI-ACT3NAN4XR
I, [2014-06-25T15:59:40.626566 #7640]  INFO -- : Therap :: GER
I, [2014-06-25T15:59:40.626566 #7640]  INFO -- : Display download Ger Form ID: GER-DUNWI-ACT3NAN4XR
I, [2014-06-25T15:59:41.599621 #7640]  INFO -- : Search Ger Form ID: GER-DUNWI-AD33S4ZXTJ
I, [2014-06-25T15:59:47.281946 #7640]  INFO -- : Therap :: GER
I, [2014-06-25T15:59:47.281946 #7640]  INFO -- : Display download Ger Form ID: GER-DUNWI-AD33S4ZXTJ
I, [2014-06-25T15:59:48.352007 #7640]  INFO -- : Search Ger Form ID: GER-DUNWI-AD63VB5T5
I, [2014-06-25T15:59:53.952328 #7640]  INFO -- : Therap :: GER
I, [2014-06-25T15:59:53.952328 #7640]  INFO -- : Display download Ger Form ID: GER-DUNWI-AD63VB5T5
I, [2014-06-25T15:59:55.006388 #7640]  INFO -- : Search Ger Form ID: GER-DUNWI-ADA3PXC8QJ
I, [2014-06-25T16:00:00.723715 #7640]  INFO -- : Therap :: GER
I, [2014-06-25T16:00:00.723715 #7640]  INFO -- : Display download Ger Form ID: GER-DUNWI-ADA3PXC8QJ
I, [2014-06-25T16:00:04.506931 #7640]  INFO -- : Search Ger Form ID: GER-DUNWI-ADQ36A55JR
I, [2014-06-25T16:00:10.204257 #7640]  INFO -- : Therap :: GER
I, [2014-06-25T16:00:10.204257 #7640]  INFO -- : Display download Ger Form ID: GER-DUNWI-ADQ36A55JR
I, [2014-06-25T16:00:11.587336 #7640]  INFO -- : Search Ger Form ID: GER-DUNWI-ADY3QL98E6
I, [2014-06-25T16:00:17.275662 #7640]  INFO -- : Therap :: GER
I, [2014-06-25T16:00:17.275662 #7640]  INFO -- : Display download Ger Form ID: GER-DUNWI-ADY3QL98E6
I, [2014-06-25T16:00:18.588737 #7640]  INFO -- : Search Ger Form ID: GER-DUNWI-AEW3VTAVEA
I, [2014-06-25T16:00:24.337066 #7640]  INFO -- : Therap :: GER
I, [2014-06-25T16:00:24.337066 #7640]  INFO -- : Display download Ger Form ID: GER-DUNWI-AEW3VTAVEA
I, [2014-06-25T16:00:25.383125 #7640]  INFO -- : Search Ger Form ID: GER-DUNWI-B3K4K8P3D8
I, [2014-06-25T16:00:28.661313 #7640]  INFO -- : GER-DUNWI-B3K4K8P3D8 FormId not found
I, [2014-06-25T16:00:29.635369 #7640]  INFO -- : Search Ger Form ID: GER-DUNWI-B3Z4L6REPQ
I, [2014-06-25T16:00:35.395698 #7640]  INFO -- : Therap :: GER
I, [2014-06-25T16:00:35.395698 #7640]  INFO -- : Display download Ger Form ID: GER-DUNWI-B3Z4L6REPQ
I, [2014-06-25T16:00:36.387755 #7640]  INFO -- : Search Ger Form ID: GER-DUNWI-B443NQTQCL
I, [2014-06-25T16:00:39.906956 #7640]  INFO -- : GER-DUNWI-B443NQTQCL FormId not found
I, [2014-06-25T16:00:40.861011 #7640]  INFO -- : Search Ger Form ID: GER-DUNWI-B4H45ZXXNA
I, [2014-06-25T16:00:46.661342 #7640]  INFO -- : Therap :: GER
I, [2014-06-25T16:00:46.661342 #7640]  INFO -- : Display download Ger Form ID: GER-DUNWI-B4H45ZXXNA
I, [2014-06-25T16:00:47.764406 #7640]  INFO -- : Search Ger Form ID: GER-DUNWI-B4H479JCWF
I, [2014-06-25T16:00:53.640742 #7640]  INFO -- : Therap :: GER
I, [2014-06-25T16:00:53.640742 #7640]  INFO -- : Display download Ger Form ID: GER-DUNWI-B4H479JCWF
I, [2014-06-25T16:00:54.674801 #7640]  INFO -- : Search Ger Form ID: GER-DUNWI-B4R324TD33
I, [2014-06-25T16:01:00.330124 #7640]  INFO -- : Therap :: GER
I, [2014-06-25T16:01:00.330124 #7640]  INFO -- : Display download Ger Form ID: GER-DUNWI-B4R324TD33
I, [2014-06-25T16:01:01.375184 #7640]  INFO -- : Search Ger Form ID: GER-DUNWI-B5M4K3B93G
I, [2014-06-25T16:01:07.334525 #7640]  INFO -- : Therap :: GER
I, [2014-06-25T16:01:07.334525 #7640]  INFO -- : Display download Ger Form ID: GER-DUNWI-B5M4K3B93G
I, [2014-06-25T16:01:08.359584 #7640]  INFO -- : Search Ger Form ID: GER-DUNWI-B5X3YAUMQ9
I, [2014-06-25T16:01:14.075911 #7640]  INFO -- : Therap :: GER
I, [2014-06-25T16:01:14.075911 #7640]  INFO -- : Display download Ger Form ID: GER-DUNWI-B5X3YAUMQ9
I, [2014-06-25T16:01:15.128971 #7640]  INFO -- : Search Ger Form ID: GER-DUNWI-B5Z4CGQLA5
I, [2014-06-25T16:01:20.949304 #7640]  INFO -- : Therap :: GER
I, [2014-06-25T16:01:20.949304 #7640]  INFO -- : Display download Ger Form ID: GER-DUNWI-B5Z4CGQLA5
I, [2014-06-25T16:01:21.981363 #7640]  INFO -- : Search Ger Form ID: GER-DUNWI-B6E3TH6XEX
I, [2014-06-25T16:01:28.000707 #7640]  INFO -- : Therap :: GER
I, [2014-06-25T16:01:28.000707 #7640]  INFO -- : Display download Ger Form ID: GER-DUNWI-B6E3TH6XEX
I, [2014-06-25T16:01:29.043767 #7640]  INFO -- : Search Ger Form ID: GER-DUNWI-B6K3CDUCUL
I, [2014-06-25T16:01:35.057111 #7640]  INFO -- : Therap :: GER
I, [2014-06-25T16:01:35.057111 #7640]  INFO -- : Display download Ger Form ID: GER-DUNWI-B6K3CDUCUL
I, [2014-06-25T16:01:36.101170 #7640]  INFO -- : Search Ger Form ID: GER-DUNWI-B6K3AW8DNK
I, [2014-06-25T16:01:42.101513 #7640]  INFO -- : Therap :: GER
I, [2014-06-25T16:01:42.101513 #7640]  INFO -- : Display download Ger Form ID: GER-DUNWI-B6K3AW8DNK
I, [2014-06-25T16:01:43.115571 #7640]  INFO -- : Search Ger Form ID: GER-DUNWI-B784N4YBBY
I, [2014-06-25T16:01:49.184919 #7640]  INFO -- : Therap :: GER
I, [2014-06-25T16:01:49.184919 #7640]  INFO -- : Display download Ger Form ID: GER-DUNWI-B784N4YBBY
I, [2014-06-25T16:01:50.237979 #7640]  INFO -- : Search Ger Form ID: GER-DUNWI-B7E33ZMYMT
I, [2014-06-25T16:01:56.174318 #7640]  INFO -- : Therap :: GER
I, [2014-06-25T16:01:56.174318 #7640]  INFO -- : Display download Ger Form ID: GER-DUNWI-B7E33ZMYMT
I, [2014-06-25T16:01:57.227379 #7640]  INFO -- : Search Ger Form ID: GER-DUNWI-B7K3BG26JU
I, [2014-06-25T16:02:03.114715 #7640]  INFO -- : Therap :: GER
I, [2014-06-25T16:02:03.114715 #7640]  INFO -- : Display download Ger Form ID: GER-DUNWI-B7K3BG26JU
I, [2014-06-25T16:02:04.097772 #7640]  INFO -- : Search Ger Form ID: GER-DUNWI-B7L35CACSJ
I, [2014-06-25T16:02:11.364187 #7640]  INFO -- : Therap :: GER
I, [2014-06-25T16:02:11.364187 #7640]  INFO -- : Display download Ger Form ID: GER-DUNWI-B7L35CACSJ
I, [2014-06-25T16:02:12.894275 #7640]  INFO -- : Search Ger Form ID: GER-DUNWI-B7L36R8D6D
I, [2014-06-25T16:02:18.571599 #7640]  INFO -- : Therap :: GER
I, [2014-06-25T16:02:18.571599 #7640]  INFO -- : Display download Ger Form ID: GER-DUNWI-B7L36R8D6D
I, [2014-06-25T16:02:19.784669 #7640]  INFO -- : Search Ger Form ID: GER-DUNWI-B7M4ETT3SR
I, [2014-06-25T16:02:25.344987 #7640]  INFO -- : Therap :: GER
I, [2014-06-25T16:02:25.344987 #7640]  INFO -- : Display download Ger Form ID: GER-DUNWI-B7M4ETT3SR
I, [2014-06-25T16:02:26.428049 #7640]  INFO -- : Search Ger Form ID: GER-DUNWI-B7M4BT9G9K
I, [2014-06-25T16:02:32.404391 #7640]  INFO -- : Therap :: GER
I, [2014-06-25T16:02:32.404391 #7640]  INFO -- : Display download Ger Form ID: GER-DUNWI-B7M4BT9G9K
I, [2014-06-25T16:02:33.437450 #7640]  INFO -- : Search Ger Form ID: GER-DUNWI-B7M4F6YTV
I, [2014-06-25T16:02:39.286784 #7640]  INFO -- : Therap :: GER
I, [2014-06-25T16:02:39.286784 #7640]  INFO -- : Display download Ger Form ID: GER-DUNWI-B7M4F6YTV
I, [2014-06-25T16:02:40.332844 #7640]  INFO -- : Search Ger Form ID: GER-DUNWI-B7M4FJWLQ5
I, [2014-06-25T16:02:46.124175 #7640]  INFO -- : Therap :: GER
I, [2014-06-25T16:02:46.124175 #7640]  INFO -- : Display download Ger Form ID: GER-DUNWI-B7M4FJWLQ5
I, [2014-06-25T16:02:47.197237 #7640]  INFO -- : Search Ger Form ID: GER-DUNWI-B7N34336UN
I, [2014-06-25T16:02:53.095574 #7640]  INFO -- : Therap :: GER
I, [2014-06-25T16:02:53.095574 #7640]  INFO -- : Display download Ger Form ID: GER-DUNWI-B7N34336UN
I, [2014-06-25T16:02:54.149634 #7640]  INFO -- : Search Ger Form ID: GER-DUNWI-B7P35GFL38
I, [2014-06-25T16:03:00.041971 #7640]  INFO -- : Therap :: GER
I, [2014-06-25T16:03:00.041971 #7640]  INFO -- : Display download Ger Form ID: GER-DUNWI-B7P35GFL38
I, [2014-06-25T16:03:01.105032 #7640]  INFO -- : Search Ger Form ID: GER-DUNWI-B7Q4GKPLVQ
I, [2014-06-25T16:03:06.956367 #7640]  INFO -- : Therap :: GER
I, [2014-06-25T16:03:06.956367 #7640]  INFO -- : Display download Ger Form ID: GER-DUNWI-B7Q4GKPLVQ
I, [2014-06-25T16:03:07.989426 #7640]  INFO -- : Search Ger Form ID: GER-DUNWI-B7T4FMAUGQ
I, [2014-06-25T16:03:13.617748 #7640]  INFO -- : Therap :: GER
I, [2014-06-25T16:03:13.617748 #7640]  INFO -- : Display download Ger Form ID: GER-DUNWI-B7T4FMAUGQ
I, [2014-06-25T16:03:14.710810 #7640]  INFO -- : Search Ger Form ID: GER-DUNWI-B7U4BDVG3F
I, [2014-06-25T16:03:20.471140 #7640]  INFO -- : Therap :: GER
I, [2014-06-25T16:03:20.471140 #7640]  INFO -- : Display download Ger Form ID: GER-DUNWI-B7U4BDVG3F
I, [2014-06-25T16:03:21.506199 #7640]  INFO -- : Search Ger Form ID: GER-DUNWI-B7V3DWFPHY
I, [2014-06-25T16:03:28.094576 #7640]  INFO -- : Therap :: GER
I, [2014-06-25T16:03:28.094576 #7640]  INFO -- : Display download Ger Form ID: GER-DUNWI-B7V3DWFPHY
I, [2014-06-25T16:03:29.137636 #7640]  INFO -- : Search Ger Form ID: GER-DUNWI-B7V3FS5U9L
I, [2014-06-25T16:03:35.097977 #7640]  INFO -- : Therap :: GER
I, [2014-06-25T16:03:35.097977 #7640]  INFO -- : Display download Ger Form ID: GER-DUNWI-B7V3FS5U9L
I, [2014-06-25T16:03:36.102034 #7640]  INFO -- : Search Ger Form ID: GER-DUNWI-B7X3YGPLP5
I, [2014-06-25T16:03:41.973370 #7640]  INFO -- : Therap :: GER
I, [2014-06-25T16:03:41.973370 #7640]  INFO -- : Display download Ger Form ID: GER-DUNWI-B7X3YGPLP5
I, [2014-06-25T16:03:43.017429 #7640]  INFO -- : Search Ger Form ID: GER-DUNWI-B7Z4L7AK5T
I, [2014-06-25T16:03:48.847763 #7640]  INFO -- : Therap :: GER
I, [2014-06-25T16:03:48.847763 #7640]  INFO -- : Display download Ger Form ID: GER-DUNWI-B7Z4L7AK5T
I, [2014-06-25T16:03:49.930825 #7640]  INFO -- : Search Ger Form ID: GER-DUNWI-B864DWN9UQ
I, [2014-06-25T16:03:55.951169 #7640]  INFO -- : Therap :: GER
I, [2014-06-25T16:03:55.951169 #7640]  INFO -- : Display download Ger Form ID: GER-DUNWI-B864DWN9UQ
I, [2014-06-25T16:03:57.025231 #7640]  INFO -- : Search Ger Form ID: GER-DUNWI-B8735Y58RS
I, [2014-06-25T16:04:03.057576 #7640]  INFO -- : Therap :: GER
I, [2014-06-25T16:04:03.057576 #7640]  INFO -- : Display download Ger Form ID: GER-DUNWI-B8735Y58RS
I, [2014-06-25T16:04:04.081634 #7640]  INFO -- : Search Ger Form ID: GER-DUNWI-B894BCEUUG
I, [2014-06-25T16:04:09.821963 #7640]  INFO -- : Therap :: GER
I, [2014-06-25T16:04:09.821963 #7640]  INFO -- : Display download Ger Form ID: GER-DUNWI-B894BCEUUG
I, [2014-06-25T16:04:10.845021 #7640]  INFO -- : Search Ger Form ID: GER-DUNWI-B894CYUGVJ
I, [2014-06-25T16:04:16.565348 #7640]  INFO -- : Therap :: GER
I, [2014-06-25T16:04:16.565348 #7640]  INFO -- : Display download Ger Form ID: GER-DUNWI-B894CYUGVJ
I, [2014-06-25T16:04:17.592407 #7640]  INFO -- : Search Ger Form ID: GER-DUNWI-B8F4EP8T4B
I, [2014-06-25T16:04:23.259731 #7640]  INFO -- : Therap :: GER
I, [2014-06-25T16:04:23.259731 #7640]  INFO -- : Display download Ger Form ID: GER-DUNWI-B8F4EP8T4B
I, [2014-06-25T16:04:24.323792 #7640]  INFO -- : Search Ger Form ID: GER-DUNWI-B8H4BGYMZZ
I, [2014-06-25T16:04:30.291133 #7640]  INFO -- : Therap :: GER
I, [2014-06-25T16:04:30.291133 #7640]  INFO -- : Display download Ger Form ID: GER-DUNWI-B8H4BGYMZZ
I, [2014-06-25T16:04:31.316192 #7640]  INFO -- : Search Ger Form ID: GER-DUNWI-B8K4D5PC5V
I, [2014-06-25T16:04:37.070521 #7640]  INFO -- : Therap :: GER
I, [2014-06-25T16:04:37.070521 #7640]  INFO -- : Display download Ger Form ID: GER-DUNWI-B8K4D5PC5V
I, [2014-06-25T16:04:38.124581 #7640]  INFO -- : Search Ger Form ID: GER-DUNWI-B8Q4LHX3H3
I, [2014-06-25T16:04:44.011918 #7640]  INFO -- : Therap :: GER
I, [2014-06-25T16:04:44.011918 #7640]  INFO -- : Display download Ger Form ID: GER-DUNWI-B8Q4LHX3H3
I, [2014-06-25T16:04:45.064978 #7640]  INFO -- : Search Ger Form ID: GER-DUNWI-B8V496VTJ8
I, [2014-06-25T16:04:50.830308 #7640]  INFO -- : Therap :: GER
I, [2014-06-25T16:04:50.830308 #7640]  INFO -- : Display download Ger Form ID: GER-DUNWI-B8V496VTJ8
I, [2014-06-25T16:04:51.860367 #7640]  INFO -- : Search Ger Form ID: GER-DUNWI-B8Y2ZBMBWX
I, [2014-06-25T16:04:57.591695 #7640]  INFO -- : Therap :: GER
I, [2014-06-25T16:04:57.591695 #7640]  INFO -- : Display download Ger Form ID: GER-DUNWI-B8Y2ZBMBWX
I, [2014-06-25T16:04:58.624754 #7640]  INFO -- : Search Ger Form ID: GER-DUNWI-B8Y3ES5JYB
I, [2014-06-25T16:05:04.586095 #7640]  INFO -- : Therap :: GER
I, [2014-06-25T16:05:04.586095 #7640]  INFO -- : Display download Ger Form ID: GER-DUNWI-B8Y3ES5JYB
I, [2014-06-25T16:05:05.619154 #7640]  INFO -- : Search Ger Form ID: GER-DUNWI-B9335AEJPV
I, [2014-06-25T16:05:11.545493 #7640]  INFO -- : Therap :: GER
I, [2014-06-25T16:05:11.545493 #7640]  INFO -- : Display download Ger Form ID: GER-DUNWI-B9335AEJPV
I, [2014-06-25T16:05:12.579552 #7640]  INFO -- : Search Ger Form ID: GER-DUNWI-B984K9KKQG
I, [2014-06-25T16:05:18.408886 #7640]  INFO -- : Therap :: GER
I, [2014-06-25T16:05:18.408886 #7640]  INFO -- : Display download Ger Form ID: GER-DUNWI-B984K9KKQG
I, [2014-06-25T16:05:19.481947 #7640]  INFO -- : Search Ger Form ID: GER-DUNWI-B984KLDUE3
I, [2014-06-25T16:05:25.248277 #7640]  INFO -- : Therap :: GER
I, [2014-06-25T16:05:25.248277 #7640]  INFO -- : Display download Ger Form ID: GER-DUNWI-B984KLDUE3
I, [2014-06-25T16:05:26.281336 #7640]  INFO -- : Search Ger Form ID: GER-DUNWI-B9H3DG22RH
I, [2014-06-25T16:05:32.162672 #7640]  INFO -- : Therap :: GER
I, [2014-06-25T16:05:32.162672 #7640]  INFO -- : Display download Ger Form ID: GER-DUNWI-B9H3DG22RH
I, [2014-06-25T16:05:33.216733 #7640]  INFO -- : Search Ger Form ID: GER-DUNWI-B9K4J8VU26
I, [2014-06-25T16:05:39.064067 #7640]  INFO -- : Therap :: GER
I, [2014-06-25T16:05:39.064067 #7640]  INFO -- : Display download Ger Form ID: GER-DUNWI-B9K4J8VU26
I, [2014-06-25T16:05:40.097126 #7640]  INFO -- : Search Ger Form ID: GER-DUNWI-B9Q3TKQND6
I, [2014-06-25T16:05:45.915459 #7640]  INFO -- : Therap :: GER
I, [2014-06-25T16:05:45.915459 #7640]  INFO -- : Display download Ger Form ID: GER-DUNWI-B9Q3TKQND6
I, [2014-06-25T16:05:46.959519 #7640]  INFO -- : Search Ger Form ID: GER-DUNWI-BA44R96XT82X4
I, [2014-06-25T16:05:52.961862 #7640]  INFO -- : Therap :: GER
I, [2014-06-25T16:05:52.961862 #7640]  INFO -- : Display download Ger Form ID: GER-DUNWI-BA44R96XT82X4
I, [2014-06-25T16:05:53.994921 #7640]  INFO -- : Search Ger Form ID: GER-DUNWI-BA44RZ9WH8VL
I, [2014-06-25T16:05:59.934261 #7640]  INFO -- : Therap :: GER
I, [2014-06-25T16:05:59.934261 #7640]  INFO -- : Display download Ger Form ID: GER-DUNWI-BA44RZ9WH8VL
I, [2014-06-25T16:06:01.007322 #7640]  INFO -- : Search Ger Form ID: GER-DUNWI-BA94PVAU58VU
I, [2014-06-25T16:06:06.669646 #7640]  INFO -- : Therap :: GER
I, [2014-06-25T16:06:06.669646 #7640]  INFO -- : Display download Ger Form ID: GER-DUNWI-BA94PVAU58VU
I, [2014-06-25T16:06:07.691704 #7640]  INFO -- : Search Ger Form ID: GER-DUNWI-BAF4TLYY38VC
I, [2014-06-25T16:06:13.258023 #7640]  INFO -- : Therap :: GER
I, [2014-06-25T16:06:13.258023 #7640]  INFO -- : Display download Ger Form ID: GER-DUNWI-BAF4TLYY38VC
I, [2014-06-25T16:06:14.301082 #7640]  INFO -- : Search Ger Form ID: GER-DUNWI-BAS4TE7ZLXBU4
I, [2014-06-25T16:06:20.154417 #7640]  INFO -- : Therap :: GER
I, [2014-06-25T16:06:20.154417 #7640]  INFO -- : Display download Ger Form ID: GER-DUNWI-BAS4TE7ZLXBU4
I, [2014-06-25T16:06:21.208477 #7640]  INFO -- : Search Ger Form ID: GER-DUNWI-BBA4J842Q55W8
I, [2014-06-25T16:06:27.076813 #7640]  INFO -- : Therap :: GER
I, [2014-06-25T16:06:27.076813 #7640]  INFO -- : Display download Ger Form ID: GER-DUNWI-BBA4J842Q55W8
I, [2014-06-25T16:06:28.139874 #7640]  INFO -- : Search Ger Form ID: GER-DUNWI-BBG4R9JXBXBUL
I, [2014-06-25T16:06:34.560241 #7640]  INFO -- : Therap :: GER
I, [2014-06-25T16:06:34.560241 #7640]  INFO -- : Display download Ger Form ID: GER-DUNWI-BBG4R9JXBXBUL
I, [2014-06-25T16:06:35.625302 #7640]  INFO -- : Search Ger Form ID: GER-DUNWI-BBM4PH2ZB55WB
I, [2014-06-25T16:06:41.813656 #7640]  INFO -- : Therap :: GER
I, [2014-06-25T16:06:41.813656 #7640]  INFO -- : Display download Ger Form ID: GER-DUNWI-BBM4PH2ZB55WB
I, [2014-06-25T16:06:42.856716 #7640]  INFO -- : Search Ger Form ID: GER-DUNWI-BBU4T3PZK8V9
I, [2014-06-25T16:06:48.815056 #7640]  INFO -- : Therap :: GER
I, [2014-06-25T16:06:48.815056 #7640]  INFO -- : Display download Ger Form ID: GER-DUNWI-BBU4T3PZK8V9
I, [2014-06-25T16:06:49.911119 #7640]  INFO -- : Search Ger Form ID: GER-DUNWI-BC64UULVD82XC
I, [2014-06-25T16:06:55.861460 #7640]  INFO -- : Therap :: GER
I, [2014-06-25T16:06:55.861460 #7640]  INFO -- : Display download Ger Form ID: GER-DUNWI-BC64UULVD82XC
I, [2014-06-25T16:06:57.074529 #7640]  INFO -- : Search Ger Form ID: GER-DUNWI-BCK4WSQYE7NXD
I, [2014-06-25T16:07:02.624846 #7640]  INFO -- : Therap :: GER
I, [2014-06-25T16:07:02.624846 #7640]  INFO -- : Display download Ger Form ID: GER-DUNWI-BCK4WSQYE7NXD
I, [2014-06-25T16:07:03.697908 #7640]  INFO -- : Search Ger Form ID: GER-DUNWI-BCM4YCRZQZUVV
I, [2014-06-25T16:07:09.539242 #7640]  INFO -- : Therap :: GER
I, [2014-06-25T16:07:09.539242 #7640]  INFO -- : Display download Ger Form ID: GER-DUNWI-BCM4YCRZQZUVV
I, [2014-06-25T16:07:10.562300 #7640]  INFO -- : Search Ger Form ID: GER-DUNWI-BCN2Y9ZP3XBUN
I, [2014-06-25T16:07:16.480639 #7640]  INFO -- : Therap :: GER
I, [2014-06-25T16:07:16.480639 #7640]  INFO -- : Display download Ger Form ID: GER-DUNWI-BCN2Y9ZP3XBUN
I, [2014-06-25T16:07:17.573701 #7640]  INFO -- : Search Ger Form ID: GER-DUNWI-BDP4R5Q22RHSH
I, [2014-06-25T16:07:20.930893 #7640]  INFO -- : GER-DUNWI-BDP4R5Q22RHSH FormId not found
I, [2014-06-25T16:07:21.934951 #7640]  INFO -- : Search Ger Form ID: GER-DUNWI-BDW4X75SQ8V9
I, [2014-06-25T16:07:27.604275 #7640]  INFO -- : Therap :: GER
I, [2014-06-25T16:07:27.604275 #7640]  INFO -- : Display download Ger Form ID: GER-DUNWI-BDW4X75SQ8V9
